-------------------------------------------------------------------------------
Test set: com.kaja.DefectTracker.DefectTrackerApplicationTests
-------------------------------------------------------------------------------
Tests run: 1, Failures: 0, Errors: 1, Skipped: 0, Time elapsed: 0.476 s <<< FAILURE! - in com.kaja.DefectTracker.DefectTrackerApplicationTests
initializationError(com.kaja.DefectTracker.DefectTrackerApplicationTests)  Time elapsed: 0 s  <<< ERROR!
java.lang.IllegalStateException: Unable to find a @SpringBootConfiguration, you need to use @ContextConfiguration or @SpringBootTest(classes=...) with your test

