<?xml version="1.0" encoding="UTF-8"?>
<testsuite xmlns:xsi="http://www.w3.org/2001/XMLSchema-instance" xsi:noNamespaceSchemaLocation="https://maven.apache.org/surefire/maven-surefire-plugin/xsd/surefire-test-report.xsd" name="com.kaja.DefectTracker.DefectTrackerApplicationTests" time="0.476" tests="1" errors="1" skipped="0" failures="0">
  <properties>
[...]
</properties>
  <testcase name="initializationError" classname="com.kaja.DefectTracker.DefectTrackerApplicationTests" time="0">
    <error message="Unable to find a @SpringBootConfiguration, you need to use @ContextConfiguration or @SpringBootTest(classes=...) with your test" type="java.lang.IllegalStateException">java.lang.IllegalStateException: Unable to find a @SpringBootConfiguration, you need to use @ContextConfiguration or @SpringBootTest(classes=...) with your test
</error>
    <system-out><![CDATA[23:00:44.316 [main] DEBUG org.springframework.test.context.junit4.SpringJUnit4ClassRunner - SpringJUnit4ClassRunner constructor called with [class com.kaja.DefectTracker.DefectTrackerApplicationTests]
23:00:44.332 [main] DEBUG org.springframework.test.context.BootstrapUtils - Instantiating CacheAwareContextLoaderDelegate from class [org.springframework.test.context.cache.DefaultCacheAwareContextLoaderDelegate]
23:00:44.347 [main] DEBUG org.springframework.test.context.BootstrapUtils - Instantiating BootstrapContext using constructor [public org.springframework.test.context.support.DefaultBootstrapContext(java.lang.Class,org.springframework.test.context.CacheAwareContextLoaderDelegate)]
23:00:44.363 [main] DEBUG org.springframework.test.context.BootstrapUtils - Instantiating TestContextBootstrapper for test class [com.kaja.DefectTracker.DefectTrackerApplicationTests] from class [org.springframework.boot.test.context.SpringBootTestContextBootstrapper]
23:00:44.379 [main] INFO org.springframework.boot.test.context.SpringBootTestContextBootstrapper - Neither @ContextConfiguration nor @ContextHierarchy found for test class [com.kaja.DefectTracker.DefectTrackerApplicationTests], using SpringBootContextLoader
23:00:44.379 [main] DEBUG org.springframework.test.context.support.AbstractContextLoader - Did not detect default resource location for test class [com.kaja.DefectTracker.DefectTrackerApplicationTests]: class path resource [com/kaja/DefectTracker/DefectTrackerApplicationTests-context.xml] does not exist
23:00:44.379 [main] DEBUG org.springframework.test.context.support.AbstractContextLoader - Did not detect default resource location for test class [com.kaja.DefectTracker.DefectTrackerApplicationTests]: class path resource [com/kaja/DefectTracker/DefectTrackerApplicationTestsContext.groovy] does not exist
23:00:44.379 [main] INFO org.springframework.test.context.support.AbstractContextLoader - Could not detect default resource locations for test class [com.kaja.DefectTracker.DefectTrackerApplicationTests]: no resource found for suffixes {-context.xml, Context.groovy}.
23:00:44.379 [main] INFO org.springframework.test.context.support.AnnotationConfigContextLoaderUtils - Could not detect default configuration classes for test class [com.kaja.DefectTracker.DefectTrackerApplicationTests]: DefectTrackerApplicationTests does not declare any static, non-private, non-final, nested classes annotated with @Configuration.
23:00:44.426 [main] DEBUG org.springframework.test.context.support.ActiveProfilesUtils - Could not find an 'annotation declaring class' for annotation type [org.springframework.test.context.ActiveProfiles] and class [com.kaja.DefectTracker.DefectTrackerApplicationTests]
]]></system-out>
  </testcase>
</testsuite>